<?xml version="1.0" encoding="UTF-8"?>
<!-- Generated by org.testng.reporters.JUnitReportReporter -->
<testsuite skipped="0" hostname="DIN13002734" name="com.capsuleCRM.testcases.NewTest" tests="1" failures="0" timestamp="29 May 2019 10:36:19 GMT" time="19.239" errors="0">
  <testcase name="validateLandingPageTest" time="19.239" classname="com.capsuleCRM.testcases.NewTest"/>
</testsuite> <!-- com.capsuleCRM.testcases.NewTest -->
