<?xml version="1.0" encoding="UTF-8"?>
<!-- Generated by org.testng.reporters.JUnitReportReporter -->
<testsuite skipped="0" hostname="DIN13002734" name="com.capsuleCRM.testcases.Test1" tests="1" failures="0" timestamp="29 May 2019 12:49:31 GMT" time="13.264" errors="0">
  <testcase name="LoginPage" time="13.264" classname="com.capsuleCRM.testcases.Test1"/>
</testsuite> <!-- com.capsuleCRM.testcases.Test1 -->
